{"/Users/matt/alchemy/career-track/ct-lab-05-crud-routes/lib/app.js": {"path":"/Users/matt/alchemy/career-track/ct-lab-05-crud-routes/lib/app.js","statementMap":{"0":{"start":{"line":1,"column":16},"end":{"line":1,"column":34}},"1":{"start":{"line":2,"column":12},"end":{"line":2,"column":21}},"2":{"start":{"line":3,"column":12},"end":{"line":3,"column":35}},"3":{"start":{"line":4,"column":0},"end":{"line":4,"column":24}},"4":{"start":{"line":8,"column":0},"end":{"line":13,"column":3}},"5":{"start":{"line":9,"column":2},"end":{"line":12,"column":7}},"6":{"start":{"line":11,"column":6},"end":{"line":11,"column":25}},"7":{"start":{"line":16,"column":0},"end":{"line":22,"column":3}},"8":{"start":{"line":17,"column":31},"end":{"line":17,"column":39}},"9":{"start":{"line":18,"column":2},"end":{"line":21,"column":7}},"10":{"start":{"line":20,"column":6},"end":{"line":20,"column":27}},"11":{"start":{"line":23,"column":0},"end":{"line":30,"column":3}},"12":{"start":{"line":24,"column":13},"end":{"line":24,"column":26}},"13":{"start":{"line":25,"column":31},"end":{"line":25,"column":39}},"14":{"start":{"line":26,"column":2},"end":{"line":29,"column":7}},"15":{"start":{"line":28,"column":6},"end":{"line":28,"column":27}},"16":{"start":{"line":31,"column":0},"end":{"line":31,"column":21}}},"fnMap":{"0":{"name":"(anonymous_0)","decl":{"start":{"line":8,"column":13},"end":{"line":8,"column":14}},"loc":{"start":{"line":8,"column":27},"end":{"line":13,"column":1}},"line":8},"1":{"name":"(anonymous_1)","decl":{"start":{"line":10,"column":10},"end":{"line":10,"column":11}},"loc":{"start":{"line":10,"column":22},"end":{"line":12,"column":5}},"line":10},"2":{"name":"(anonymous_2)","decl":{"start":{"line":16,"column":18},"end":{"line":16,"column":19}},"loc":{"start":{"line":16,"column":32},"end":{"line":22,"column":1}},"line":16},"3":{"name":"(anonymous_3)","decl":{"start":{"line":19,"column":10},"end":{"line":19,"column":11}},"loc":{"start":{"line":19,"column":24},"end":{"line":21,"column":5}},"line":19},"4":{"name":"(anonymous_4)","decl":{"start":{"line":23,"column":20},"end":{"line":23,"column":21}},"loc":{"start":{"line":23,"column":34},"end":{"line":30,"column":1}},"line":23},"5":{"name":"(anonymous_5)","decl":{"start":{"line":27,"column":10},"end":{"line":27,"column":11}},"loc":{"start":{"line":27,"column":24},"end":{"line":29,"column":5}},"line":27}},"branchMap":{},"s":{"0":1,"1":1,"2":1,"3":1,"4":1,"5":1,"6":1,"7":1,"8":1,"9":1,"10":1,"11":1,"12":0,"13":0,"14":0,"15":0,"16":1},"f":{"0":1,"1":1,"2":1,"3":1,"4":0,"5":0},"b":{},"_coverageSchema":"43e27e138ebf9cfc5966b082cf9a028302ed4184","hash":"f4725a6a9a23273d3a524097b247d460aa12f74d"}
,"/Users/matt/alchemy/career-track/ct-lab-05-crud-routes/lib/models/Car.js": {"path":"/Users/matt/alchemy/career-track/ct-lab-05-crud-routes/lib/models/Car.js","statementMap":{"0":{"start":{"line":1,"column":17},"end":{"line":1,"column":36}},"1":{"start":{"line":3,"column":15},"end":{"line":12,"column":2}},"2":{"start":{"line":14,"column":0},"end":{"line":14,"column":47}}},"fnMap":{},"branchMap":{},"s":{"0":2,"1":2,"2":2},"f":{},"b":{},"_coverageSchema":"43e27e138ebf9cfc5966b082cf9a028302ed4184","hash":"ce12119b7921f4cc738adf5c3d026428d354125a"}
,"/Users/matt/alchemy/career-track/ct-lab-05-crud-routes/lib/utils/connect.js": {"path":"/Users/matt/alchemy/career-track/ct-lab-05-crud-routes/lib/utils/connect.js","statementMap":{"0":{"start":{"line":1,"column":17},"end":{"line":1,"column":36}},"1":{"start":{"line":4,"column":2},"end":{"line":7,"column":5}},"2":{"start":{"line":9,"column":2},"end":{"line":11,"column":5}},"3":{"start":{"line":10,"column":4},"end":{"line":10,"column":33}},"4":{"start":{"line":13,"column":2},"end":{"line":15,"column":5}},"5":{"start":{"line":14,"column":4},"end":{"line":14,"column":42}},"6":{"start":{"line":18,"column":0},"end":{"line":18,"column":25}}},"fnMap":{"0":{"name":"connect","decl":{"start":{"line":3,"column":9},"end":{"line":3,"column":16}},"loc":{"start":{"line":3,"column":19},"end":{"line":16,"column":1}},"line":3},"1":{"name":"(anonymous_1)","decl":{"start":{"line":9,"column":38},"end":{"line":9,"column":39}},"loc":{"start":{"line":9,"column":44},"end":{"line":11,"column":3}},"line":9},"2":{"name":"(anonymous_2)","decl":{"start":{"line":13,"column":34},"end":{"line":13,"column":35}},"loc":{"start":{"line":13,"column":40},"end":{"line":15,"column":3}},"line":13}},"branchMap":{},"s":{"0":1,"1":1,"2":1,"3":1,"4":1,"5":0,"6":1},"f":{"0":1,"1":1,"2":0},"b":{},"_coverageSchema":"43e27e138ebf9cfc5966b082cf9a028302ed4184","hash":"6f738aa05e2f4a29b9d2a861ffccc8f764ea5986"}
}
