TN:
SF:/Users/matt/alchemy/career-track/ct-lab-05-crud-routes/lib/app.js
FN:8,(anonymous_0)
FN:10,(anonymous_1)
FN:16,(anonymous_2)
FN:19,(anonymous_3)
FN:23,(anonymous_4)
FN:27,(anonymous_5)
FNF:6
FNH:5
FNDA:1,(anonymous_0)
FNDA:1,(anonymous_1)
FNDA:1,(anonymous_2)
FNDA:1,(anonymous_3)
FNDA:1,(anonymous_4)
FNDA:0,(anonymous_5)
DA:1,1
DA:2,1
DA:3,1
DA:4,1
DA:8,1
DA:9,1
DA:11,1
DA:16,1
DA:17,1
DA:18,1
DA:20,1
DA:23,1
DA:24,1
DA:25,1
DA:26,1
DA:28,0
DA:31,1
LF:17
LH:16
BRF:0
BRH:0
end_of_record
TN:
SF:/Users/matt/alchemy/career-track/ct-lab-05-crud-routes/lib/models/Car.js
FNF:0
FNH:0
DA:1,2
DA:3,2
DA:14,2
LF:3
LH:3
BRF:0
BRH:0
end_of_record
TN:
SF:/Users/matt/alchemy/career-track/ct-lab-05-crud-routes/lib/utils/connect.js
FN:3,connect
FN:9,(anonymous_1)
FN:13,(anonymous_2)
FNF:3
FNH:2
FNDA:1,connect
FNDA:1,(anonymous_1)
FNDA:0,(anonymous_2)
DA:1,1
DA:4,1
DA:9,1
DA:10,1
DA:13,1
DA:14,0
DA:18,1
LF:7
LH:6
BRF:0
BRH:0
end_of_record
